<?xml version="1.0" encoding="UTF-8"?>
<!-- Generated by org.testng.reporters.JUnitReportReporter -->
<testsuite hostname="DESKTOP-VKM30B9" failures="0" tests="1" name="frame.Test.E2E" time="4.002" errors="0" timestamp="2025-03-29T06:56:45 IST" skipped="0">
  <testcase classname="frame.Test.E2E" name="E2E" time="4.002"/>
</testsuite> <!-- frame.Test.E2E -->
